<?xml version="1.0" encoding="utf-8"?><testsuites><testsuite name="pytest" errors="0" failures="1" skipped="1" tests="4" time="0.384" timestamp="2025-12-11T19:13:22.303153" hostname="YoIcHi"><testcase classname="sensor_fusion_pkg.sensor_fusion_pkg.test_kalman" name="test_kalman_1d_no_noise_2" time="0.004" /><testcase classname="sensor_fusion_pkg.test.test_copyright" name="test_copyright" time="0.000"><skipped type="pytest.skip" message="No copyright header has been placed in the generated source file.">/home/yoichi/src/GIT/ros2_ws/src/sensor_fusion_pkg/test/test_copyright.py:20: No copyright header has been placed in the generated source file.</skipped></testcase><testcase classname="sensor_fusion_pkg.test.test_flake8" name="test_flake8" time="0.071"><failure message="flake8.exceptions.FailedToLoadPlugin: Flake8 failed to load plugin &quot;pycodestyle.missing_whitespace_after_import_keyword&quot; due to module 'pycodestyle' has no attribute 'missing_whitespace_after_import_keyword'.">/usr/lib/python3/dist-packages/flake8/plugins/manager.py:161: in load_plugin
    self._load()
/usr/lib/python3/dist-packages/flake8/plugins/manager.py:138: in _load
    self._plugin = self.entry_point.load()
/usr/lib/python3.10/importlib/metadata/__init__.py:173: in load
    return functools.reduce(getattr, attrs, module)
E   AttributeError: module 'pycodestyle' has no attribute 'missing_whitespace_after_import_keyword'. Did you mean: 'missing_whitespace_after_keyword'?

During handling of the above exception, another exception occurred:
test/test_flake8.py:22: in test_flake8
    rc, errors = main_with_errors(argv=[])
/opt/ros/humble/lib/python3.10/site-packages/ament_flake8/main.py:88: in main_with_errors
    report = generate_flake8_report(
/opt/ros/humble/lib/python3.10/site-packages/ament_flake8/main.py:267: in generate_flake8_report
    style = get_flake8_style_guide(flake8_argv)
/opt/ros/humble/lib/python3.10/site-packages/ament_flake8/main.py:157: in get_flake8_style_guide
    application.find_plugins(config_finder)
/usr/lib/python3/dist-packages/flake8/main/application.py:163: in find_plugins
    self.check_plugins.load_plugins()
/usr/lib/python3/dist-packages/flake8/plugins/manager.py:422: in load_plugins
    plugins = list(self.manager.map(load_plugin))
/usr/lib/python3/dist-packages/flake8/plugins/manager.py:309: in map
    yield func(self.plugins[name], *args, **kwargs)
/usr/lib/python3/dist-packages/flake8/plugins/manager.py:420: in load_plugin
    return plugin.load_plugin()
/usr/lib/python3/dist-packages/flake8/plugins/manager.py:168: in load_plugin
    raise failed_to_load
E   flake8.exceptions.FailedToLoadPlugin: Flake8 failed to load plugin "pycodestyle.missing_whitespace_after_import_keyword" due to module 'pycodestyle' has no attribute 'missing_whitespace_after_import_keyword'.</failure></testcase><testcase classname="sensor_fusion_pkg.test.test_pep257" name="test_pep257" time="0.029" /></testsuite></testsuites>